TN:
SF:src/modules/appointments/services/CreateAppointmentService.ts
FN:15,(anonymous_18)
FN:16,CreateAppointmentService
FN:21,(anonymous_20)
FNF:3
FNH:3
FNDA:1,(anonymous_18)
FNDA:2,CreateAppointmentService
FNDA:3,(anonymous_20)
DA:1,1
DA:2,1
DA:5,1
DA:15,1
DA:18,2
DA:21,3
DA:22,3
DA:24,3
DA:27,3
DA:28,1
DA:30,2
DA:35,2
DA:37,1
DA:39,1
LF:14
LH:14
BRDA:27,0,0,1
BRDA:27,0,1,2
BRF:2
BRH:2
end_of_record
TN:
SF:src/modules/appointments/services/ListProvidersService.ts
FN:11,(anonymous_4)
FN:12,ListProvidersService
FNF:2
FNH:0
FNDA:0,(anonymous_4)
FNDA:0,ListProvidersService
DA:1,0
DA:11,0
DA:14,0
DA:24,0
DA:25,0
LF:5
LH:0
BRF:0
BRH:0
end_of_record
TN:
SF:src/modules/users/services/AuthenticateUserService.ts
FN:21,(anonymous_18)
FN:22,AuthenticateUserService
FN:30,(anonymous_20)
FNF:3
FNH:3
FNDA:1,(anonymous_18)
FNDA:3,AuthenticateUserService
FNDA:3,(anonymous_20)
DA:1,1
DA:2,1
DA:5,1
DA:6,1
DA:21,1
DA:24,3
DA:27,3
DA:30,3
DA:31,3
DA:32,3
DA:33,1
DA:35,2
DA:40,2
DA:41,1
DA:43,1
DA:45,1
DA:49,1
DA:54,1
DA:56,1
LF:19
LH:19
BRDA:31,0,0,3
BRDA:32,1,0,1
BRDA:32,1,1,2
BRDA:40,2,0,1
BRDA:40,2,1,1
BRF:5
BRH:5
end_of_record
TN:
SF:src/modules/users/services/CreateUserService.ts
FN:15,(anonymous_18)
FN:16,CreateUserServices
FN:24,(anonymous_20)
FNF:3
FNH:3
FNDA:2,(anonymous_18)
FNDA:4,CreateUserServices
FNDA:5,(anonymous_20)
DA:2,2
DA:5,2
DA:15,2
DA:18,4
DA:21,4
DA:24,5
DA:25,5
DA:26,5
DA:27,1
DA:30,4
DA:32,4
DA:38,4
DA:40,2
DA:41,2
LF:14
LH:14
BRDA:25,0,0,5
BRDA:26,1,0,1
BRDA:26,1,1,4
BRF:3
BRH:3
end_of_record
TN:
SF:src/modules/users/services/SendForgotPasswordEmailService.ts
FN:11,(anonymous_17)
FN:12,SendForgotPasswordEmailSevice
FN:17,(anonymous_19)
FNF:3
FNH:0
FNDA:0,(anonymous_17)
FNDA:0,SendForgotPasswordEmailSevice
FNDA:0,(anonymous_19)
DA:1,0
DA:11,0
DA:14,0
DA:17,0
DA:20,0
DA:21,0
LF:6
LH:0
BRF:0
BRH:0
end_of_record
TN:
SF:src/modules/users/services/UpdateUserAvatarService.ts
FN:18,(anonymous_18)
FN:19,UpdateUserAvatarService
FN:27,(anonymous_20)
FNF:3
FNH:3
FNDA:1,(anonymous_18)
FNDA:3,UpdateUserAvatarService
FNDA:4,(anonymous_20)
DA:3,1
DA:7,1
DA:18,1
DA:21,3
DA:24,3
DA:27,4
DA:28,4
DA:29,4
DA:30,1
DA:32,5
DA:33,2
DA:35,3
DA:37,3
DA:39,6
DA:41,3
DA:43,1
DA:45,1
LF:17
LH:17
BRDA:28,0,0,4
BRDA:28,0,1,3
BRDA:29,1,0,1
BRDA:29,1,1,3
BRDA:32,2,0,2
BRDA:32,2,1,1
BRF:6
BRH:6
end_of_record
